c:\users\fkrec\source\repos\enginezavrsni\zavrsniengine\release\vc142.pdb
c:\users\fkrec\source\repos\enginezavrsni\zavrsniengine\release\vector2.obj
c:\users\fkrec\source\repos\enginezavrsni\zavrsniengine\release\matrix4.obj
c:\users\fkrec\source\repos\enginezavrsni\zavrsniengine\release\texturemanager.obj
c:\users\fkrec\source\repos\enginezavrsni\zavrsniengine\release\levelassetmanager.obj
c:\users\fkrec\source\repos\enginezavrsni\zavrsniengine\release\audiomanager.obj
c:\users\fkrec\source\repos\enginezavrsni\zavrsniengine\release\texture.obj
c:\users\fkrec\source\repos\enginezavrsni\zavrsniengine\release\sprite.obj
c:\users\fkrec\source\repos\enginezavrsni\zavrsniengine\release\shader.obj
c:\users\fkrec\source\repos\enginezavrsni\zavrsniengine\release\line.obj
c:\users\fkrec\source\repos\enginezavrsni\zavrsniengine\release\layer.obj
c:\users\fkrec\source\repos\enginezavrsni\zavrsniengine\release\label.obj
c:\users\fkrec\source\repos\enginezavrsni\zavrsniengine\release\group.obj
c:\users\fkrec\source\repos\enginezavrsni\zavrsniengine\release\font.obj
c:\users\fkrec\source\repos\enginezavrsni\zavrsniengine\release\camera.obj
c:\users\fkrec\source\repos\enginezavrsni\zavrsniengine\release\audio.obj
c:\users\fkrec\source\repos\enginezavrsni\zavrsniengine\release\main.obj
c:\users\fkrec\source\repos\enginezavrsni\zavrsniengine\release\rifle.obj
c:\users\fkrec\source\repos\enginezavrsni\zavrsniengine\release\spawner.obj
c:\users\fkrec\source\repos\enginezavrsni\zavrsniengine\release\ammo.obj
c:\users\fkrec\source\repos\enginezavrsni\zavrsniengine\release\game.obj
c:\users\fkrec\source\repos\enginezavrsni\zavrsniengine\release\window.obj
c:\users\fkrec\source\repos\enginezavrsni\zavrsniengine\release\player.obj
c:\users\fkrec\source\repos\enginezavrsni\zavrsniengine\release\npc.obj
c:\users\fkrec\source\repos\enginezavrsni\zavrsniengine\release\weapon.obj
c:\users\fkrec\source\repos\enginezavrsni\zavrsniengine\release\gameobject.obj
c:\users\fkrec\source\repos\enginezavrsni\zavrsniengine\release\actor.obj
c:\users\fkrec\source\repos\enginezavrsni\zavrsniengine\release\hitbox.obj
c:\users\fkrec\source\repos\enginezavrsni\zavrsniengine\release\renderer.obj
c:\users\fkrec\source\repos\enginezavrsni\zavrsniengine\release\vector4.obj
c:\users\fkrec\source\repos\enginezavrsni\zavrsniengine\release\vector3.obj
c:\users\fkrec\source\repos\enginezavrsni\zavrsniengine\release\ftstroke.obj
c:\users\fkrec\source\repos\enginezavrsni\zavrsniengine\release\ftpfr.obj
c:\users\fkrec\source\repos\enginezavrsni\zavrsniengine\release\ftpatent.obj
c:\users\fkrec\source\repos\enginezavrsni\zavrsniengine\release\ftotval.obj
c:\users\fkrec\source\repos\enginezavrsni\zavrsniengine\release\ftmm.obj
c:\users\fkrec\source\repos\enginezavrsni\zavrsniengine\release\ftlcdfil.obj
c:\users\fkrec\source\repos\enginezavrsni\zavrsniengine\release\ftinit.obj
c:\users\fkrec\source\repos\enginezavrsni\zavrsniengine\release\ftgxval.obj
c:\users\fkrec\source\repos\enginezavrsni\zavrsniengine\release\ftglyph.obj
c:\users\fkrec\source\repos\enginezavrsni\zavrsniengine\release\ftgasp.obj
c:\users\fkrec\source\repos\enginezavrsni\zavrsniengine\release\ftfstype.obj
c:\users\fkrec\source\repos\enginezavrsni\zavrsniengine\release\ftdebug.obj
c:\users\fkrec\source\repos\enginezavrsni\zavrsniengine\release\ftbitmap.obj
c:\users\fkrec\source\repos\enginezavrsni\zavrsniengine\release\ftbbox.obj
c:\users\fkrec\source\repos\enginezavrsni\zavrsniengine\release\ftbase.obj
c:\users\fkrec\source\repos\enginezavrsni\zavrsniengine\release\autofit.obj
c:\users\fkrec\source\repos\enginezavrsni\zavrsniengine\release\vector.obj
c:\users\fkrec\source\repos\enginezavrsni\zavrsniengine\release\texture-font.obj
c:\users\fkrec\source\repos\enginezavrsni\zavrsniengine\release\texture-atlas.obj
c:\users\fkrec\source\repos\enginezavrsni\zavrsniengine\release\platform.obj
c:\users\fkrec\source\repos\enginezavrsni\zavrsniengine\release\truetype.obj
c:\users\fkrec\source\repos\enginezavrsni\zavrsniengine\release\smooth.obj
c:\users\fkrec\source\repos\enginezavrsni\zavrsniengine\release\sfnt.obj
c:\users\fkrec\source\repos\enginezavrsni\zavrsniengine\release\raster.obj
c:\users\fkrec\source\repos\enginezavrsni\zavrsniengine\release\psmodule.obj
c:\users\fkrec\source\repos\enginezavrsni\zavrsniengine\release\pshinter.obj
c:\users\fkrec\source\repos\enginezavrsni\zavrsniengine\release\psaux.obj
c:\users\fkrec\source\repos\enginezavrsni\zavrsniengine\release\pfr.obj
c:\users\fkrec\source\repos\enginezavrsni\zavrsniengine\release\pcf.obj
c:\users\fkrec\source\repos\enginezavrsni\zavrsniengine\release\ftlzw.obj
c:\users\fkrec\source\repos\enginezavrsni\zavrsniengine\release\ftgzip.obj
c:\users\fkrec\source\repos\enginezavrsni\zavrsniengine\release\type1cid.obj
c:\users\fkrec\source\repos\enginezavrsni\zavrsniengine\release\cff.obj
c:\users\fkrec\source\repos\enginezavrsni\zavrsniengine\release\ftcache.obj
c:\users\fkrec\source\repos\enginezavrsni\zavrsniengine\release\bdf.obj
c:\users\fkrec\source\repos\enginezavrsni\zavrsniengine\release\ftxf86.obj
c:\users\fkrec\source\repos\enginezavrsni\zavrsniengine\release\ftwinfnt.obj
c:\users\fkrec\source\repos\enginezavrsni\zavrsniengine\release\fttype1.obj
c:\users\fkrec\source\repos\enginezavrsni\zavrsniengine\release\ftsystem.obj
c:\users\fkrec\source\repos\enginezavrsni\zavrsniengine\release\ftsynth.obj
c:\users\fkrec\source\repos\enginezavrsni\zavrsniengine\release\winfnt.obj
c:\users\fkrec\source\repos\enginezavrsni\zavrsniengine\release\type42.obj
c:\users\fkrec\source\repos\enginezavrsni\zavrsniengine\release\type1.obj
c:\users\fkrec\source\repos\enginezavrsni\release\zavrsniengine.exe
c:\users\fkrec\source\repos\enginezavrsni\release\zavrsniengine.pdb
c:\users\fkrec\source\repos\enginezavrsni\zavrsniengine\release\zavrsniengine.tlog\cl.command.1.tlog
c:\users\fkrec\source\repos\enginezavrsni\zavrsniengine\release\zavrsniengine.tlog\cl.read.1.tlog
c:\users\fkrec\source\repos\enginezavrsni\zavrsniengine\release\zavrsniengine.tlog\cl.write.1.tlog
c:\users\fkrec\source\repos\enginezavrsni\zavrsniengine\release\zavrsniengine.tlog\link.command.1.tlog
c:\users\fkrec\source\repos\enginezavrsni\zavrsniengine\release\zavrsniengine.tlog\link.read.1.tlog
c:\users\fkrec\source\repos\enginezavrsni\zavrsniengine\release\zavrsniengine.tlog\link.write.1.tlog
