c:\users\ficom\source\repos\zavrsniengine\zavrsniengine\debug\vc142.pdb
c:\users\ficom\source\repos\zavrsniengine\zavrsniengine\debug\vc142.idb
c:\users\ficom\source\repos\zavrsniengine\zavrsniengine\debug\vector2.obj
c:\users\ficom\source\repos\zavrsniengine\zavrsniengine\debug\matrix4.obj
c:\users\ficom\source\repos\zavrsniengine\zavrsniengine\debug\texturemanager.obj
c:\users\ficom\source\repos\zavrsniengine\zavrsniengine\debug\levelassetmanager.obj
c:\users\ficom\source\repos\zavrsniengine\zavrsniengine\debug\audiomanager.obj
c:\users\ficom\source\repos\zavrsniengine\zavrsniengine\debug\texture.obj
c:\users\ficom\source\repos\zavrsniengine\zavrsniengine\debug\sprite.obj
c:\users\ficom\source\repos\zavrsniengine\zavrsniengine\debug\shader.obj
c:\users\ficom\source\repos\zavrsniengine\zavrsniengine\debug\line.obj
c:\users\ficom\source\repos\zavrsniengine\zavrsniengine\debug\layer.obj
c:\users\ficom\source\repos\zavrsniengine\zavrsniengine\debug\label.obj
c:\users\ficom\source\repos\zavrsniengine\zavrsniengine\debug\group.obj
c:\users\ficom\source\repos\zavrsniengine\zavrsniengine\debug\font.obj
c:\users\ficom\source\repos\zavrsniengine\zavrsniengine\debug\camera.obj
c:\users\ficom\source\repos\zavrsniengine\zavrsniengine\debug\audio.obj
c:\users\ficom\source\repos\zavrsniengine\zavrsniengine\debug\main.obj
c:\users\ficom\source\repos\zavrsniengine\zavrsniengine\debug\rifle.obj
c:\users\ficom\source\repos\zavrsniengine\zavrsniengine\debug\ammo.obj
c:\users\ficom\source\repos\zavrsniengine\zavrsniengine\debug\game.obj
c:\users\ficom\source\repos\zavrsniengine\zavrsniengine\debug\window.obj
c:\users\ficom\source\repos\zavrsniengine\zavrsniengine\debug\player.obj
c:\users\ficom\source\repos\zavrsniengine\zavrsniengine\debug\npc.obj
c:\users\ficom\source\repos\zavrsniengine\zavrsniengine\debug\weapon.obj
c:\users\ficom\source\repos\zavrsniengine\zavrsniengine\debug\gameobject.obj
c:\users\ficom\source\repos\zavrsniengine\zavrsniengine\debug\actor.obj
c:\users\ficom\source\repos\zavrsniengine\zavrsniengine\debug\hitbox.obj
c:\users\ficom\source\repos\zavrsniengine\zavrsniengine\debug\renderer.obj
c:\users\ficom\source\repos\zavrsniengine\zavrsniengine\debug\vector4.obj
c:\users\ficom\source\repos\zavrsniengine\zavrsniengine\debug\vector3.obj
c:\users\ficom\source\repos\zavrsniengine\zavrsniengine\debug\ftstroke.obj
c:\users\ficom\source\repos\zavrsniengine\zavrsniengine\debug\ftpfr.obj
c:\users\ficom\source\repos\zavrsniengine\zavrsniengine\debug\ftpatent.obj
c:\users\ficom\source\repos\zavrsniengine\zavrsniengine\debug\ftotval.obj
c:\users\ficom\source\repos\zavrsniengine\zavrsniengine\debug\ftmm.obj
c:\users\ficom\source\repos\zavrsniengine\zavrsniengine\debug\ftlcdfil.obj
c:\users\ficom\source\repos\zavrsniengine\zavrsniengine\debug\ftinit.obj
c:\users\ficom\source\repos\zavrsniengine\zavrsniengine\debug\ftgxval.obj
c:\users\ficom\source\repos\zavrsniengine\zavrsniengine\debug\ftglyph.obj
c:\users\ficom\source\repos\zavrsniengine\zavrsniengine\debug\ftgasp.obj
c:\users\ficom\source\repos\zavrsniengine\zavrsniengine\debug\ftfstype.obj
c:\users\ficom\source\repos\zavrsniengine\zavrsniengine\debug\ftdebug.obj
c:\users\ficom\source\repos\zavrsniengine\zavrsniengine\debug\ftbitmap.obj
c:\users\ficom\source\repos\zavrsniengine\zavrsniengine\debug\ftbbox.obj
c:\users\ficom\source\repos\zavrsniengine\zavrsniengine\debug\ftbase.obj
c:\users\ficom\source\repos\zavrsniengine\zavrsniengine\debug\autofit.obj
c:\users\ficom\source\repos\zavrsniengine\zavrsniengine\debug\vector.obj
c:\users\ficom\source\repos\zavrsniengine\zavrsniengine\debug\texture-font.obj
c:\users\ficom\source\repos\zavrsniengine\zavrsniengine\debug\texture-atlas.obj
c:\users\ficom\source\repos\zavrsniengine\zavrsniengine\debug\platform.obj
c:\users\ficom\source\repos\zavrsniengine\zavrsniengine\debug\truetype.obj
c:\users\ficom\source\repos\zavrsniengine\zavrsniengine\debug\smooth.obj
c:\users\ficom\source\repos\zavrsniengine\zavrsniengine\debug\sfnt.obj
c:\users\ficom\source\repos\zavrsniengine\zavrsniengine\debug\raster.obj
c:\users\ficom\source\repos\zavrsniengine\zavrsniengine\debug\psmodule.obj
c:\users\ficom\source\repos\zavrsniengine\zavrsniengine\debug\pshinter.obj
c:\users\ficom\source\repos\zavrsniengine\zavrsniengine\debug\psaux.obj
c:\users\ficom\source\repos\zavrsniengine\zavrsniengine\debug\pfr.obj
c:\users\ficom\source\repos\zavrsniengine\zavrsniengine\debug\pcf.obj
c:\users\ficom\source\repos\zavrsniengine\zavrsniengine\debug\ftlzw.obj
c:\users\ficom\source\repos\zavrsniengine\zavrsniengine\debug\ftgzip.obj
c:\users\ficom\source\repos\zavrsniengine\zavrsniengine\debug\type1cid.obj
c:\users\ficom\source\repos\zavrsniengine\zavrsniengine\debug\cff.obj
c:\users\ficom\source\repos\zavrsniengine\zavrsniengine\debug\ftcache.obj
c:\users\ficom\source\repos\zavrsniengine\zavrsniengine\debug\bdf.obj
c:\users\ficom\source\repos\zavrsniengine\zavrsniengine\debug\ftxf86.obj
c:\users\ficom\source\repos\zavrsniengine\zavrsniengine\debug\ftwinfnt.obj
c:\users\ficom\source\repos\zavrsniengine\zavrsniengine\debug\fttype1.obj
c:\users\ficom\source\repos\zavrsniengine\zavrsniengine\debug\ftsystem.obj
c:\users\ficom\source\repos\zavrsniengine\zavrsniengine\debug\ftsynth.obj
c:\users\ficom\source\repos\zavrsniengine\zavrsniengine\debug\winfnt.obj
c:\users\ficom\source\repos\zavrsniengine\zavrsniengine\debug\type42.obj
c:\users\ficom\source\repos\zavrsniengine\zavrsniengine\debug\type1.obj
c:\users\ficom\source\repos\zavrsniengine\zavrsniengine\debug\spawner.obj
c:\users\ficom\source\repos\zavrsniengine\debug\zavrsniengine.exe
c:\users\ficom\source\repos\zavrsniengine\debug\zavrsniengine.ilk
c:\users\ficom\source\repos\zavrsniengine\debug\zavrsniengine.pdb
c:\users\ficom\source\repos\zavrsniengine\zavrsniengine\debug\levelassetmanager.new.obj.enc
c:\users\ficom\source\repos\zavrsniengine\zavrsniengine\debug\zavrsniengine.tlog\cl.command.1.tlog
c:\users\ficom\source\repos\zavrsniengine\zavrsniengine\debug\zavrsniengine.tlog\cl.read.1.tlog
c:\users\ficom\source\repos\zavrsniengine\zavrsniengine\debug\zavrsniengine.tlog\cl.write.1.tlog
c:\users\ficom\source\repos\zavrsniengine\zavrsniengine\debug\zavrsniengine.tlog\link.command.1.tlog
c:\users\ficom\source\repos\zavrsniengine\zavrsniengine\debug\zavrsniengine.tlog\link.read.1.tlog
c:\users\ficom\source\repos\zavrsniengine\zavrsniengine\debug\zavrsniengine.tlog\link.write.1.tlog
